# Logfile created on 2014-01-08 15:45:05 +1100 by logger.rb/36483
I, [2014-01-08T15:45:05.752776 #1868]  INFO -- : 0:  RedCloth (4.2.9) from /Users/sportingtimes/.rvm/gems/ruby-2.0.0-p247/specifications/RedCloth-4.2.9.gemspec
I, [2014-01-08T15:45:05.754332 #1868]  INFO -- : 0:  blankslate (2.1.2.4) from /Users/sportingtimes/.rvm/gems/ruby-2.0.0-p247/specifications/blankslate-2.1.2.4.gemspec
I, [2014-01-08T15:45:05.754616 #1868]  INFO -- : 0:  fast-stemmer (1.0.2) from /Users/sportingtimes/.rvm/gems/ruby-2.0.0-p247/specifications/fast-stemmer-1.0.2.gemspec
I, [2014-01-08T15:45:05.754897 #1868]  INFO -- : 0:  classifier (1.3.3) from /Users/sportingtimes/.rvm/gems/ruby-2.0.0-p247/specifications/classifier-1.3.3.gemspec
I, [2014-01-08T15:45:05.755171 #1868]  INFO -- : 0:  colorator (0.1) from /Users/sportingtimes/.rvm/gems/ruby-2.0.0-p247/specifications/colorator-0.1.gemspec
I, [2014-01-08T15:45:05.755449 #1868]  INFO -- : 0:  highline (1.6.19) from /Users/sportingtimes/.rvm/gems/ruby-2.0.0-p247/specifications/highline-1.6.19.gemspec
I, [2014-01-08T15:45:05.755723 #1868]  INFO -- : 0:  commander (4.1.5) from /Users/sportingtimes/.rvm/gems/ruby-2.0.0-p247/specifications/commander-4.1.5.gemspec
I, [2014-01-08T15:45:05.755991 #1868]  INFO -- : 0:  ffi (1.9.3) from /Users/sportingtimes/.rvm/gems/ruby-2.0.0-p247/specifications/ffi-1.9.3.gemspec
I, [2014-01-08T15:45:05.756277 #1868]  INFO -- : 0:  liquid (2.5.4) from /Users/sportingtimes/.rvm/gems/ruby-2.0.0-p247/specifications/liquid-2.5.4.gemspec
I, [2014-01-08T15:45:05.756553 #1868]  INFO -- : 0:  rb-fsevent (0.9.4) from /Users/sportingtimes/.rvm/gems/ruby-2.0.0-p247/specifications/rb-fsevent-0.9.4.gemspec
I, [2014-01-08T15:45:05.756827 #1868]  INFO -- : 0:  rb-inotify (0.9.3) from /Users/sportingtimes/.rvm/gems/ruby-2.0.0-p247/specifications/rb-inotify-0.9.3.gemspec
I, [2014-01-08T15:45:05.757101 #1868]  INFO -- : 0:  rb-kqueue (0.2.0) from /Users/sportingtimes/.rvm/gems/ruby-2.0.0-p247/specifications/rb-kqueue-0.2.0.gemspec
I, [2014-01-08T15:45:05.757372 #1868]  INFO -- : 0:  listen (1.3.1) from /Users/sportingtimes/.rvm/gems/ruby-2.0.0-p247/specifications/listen-1.3.1.gemspec
I, [2014-01-08T15:45:05.757647 #1868]  INFO -- : 0:  maruku (0.7.0) from /Users/sportingtimes/.rvm/gems/ruby-2.0.0-p247/specifications/maruku-0.7.0.gemspec
I, [2014-01-08T15:45:05.757921 #1868]  INFO -- : 0:  posix-spawn (0.3.6) from /Users/sportingtimes/.rvm/gems/ruby-2.0.0-p247/specifications/posix-spawn-0.3.6.gemspec
I, [2014-01-08T15:45:05.758202 #1868]  INFO -- : 0:  yajl-ruby (1.1.0) from /Users/sportingtimes/.rvm/gems/ruby-2.0.0-p247/specifications/yajl-ruby-1.1.0.gemspec
I, [2014-01-08T15:45:05.758477 #1868]  INFO -- : 0:  pygments.rb (0.5.2) from /Users/sportingtimes/.rvm/gems/ruby-2.0.0-p247/specifications/pygments.rb-0.5.2.gemspec
I, [2014-01-08T15:45:05.758757 #1868]  INFO -- : 0:  redcarpet (2.3.0) from /Users/sportingtimes/.rvm/gems/ruby-2.0.0-p247/specifications/redcarpet-2.3.0.gemspec
I, [2014-01-08T15:45:05.759041 #1868]  INFO -- : 0:  safe_yaml (0.9.7) from /Users/sportingtimes/.rvm/gems/ruby-2.0.0-p247/specifications/safe_yaml-0.9.7.gemspec
I, [2014-01-08T15:45:05.759321 #1868]  INFO -- : 0:  parslet (1.5.0) from /Users/sportingtimes/.rvm/gems/ruby-2.0.0-p247/specifications/parslet-1.5.0.gemspec
I, [2014-01-08T15:45:05.759597 #1868]  INFO -- : 0:  toml (0.1.0) from /Users/sportingtimes/.rvm/gems/ruby-2.0.0-p247/specifications/toml-0.1.0.gemspec
I, [2014-01-08T15:45:05.759877 #1868]  INFO -- : 0:  jekyll (1.4.2) from /Users/sportingtimes/.rvm/gems/ruby-2.0.0-p247/specifications/jekyll-1.4.2.gemspec
I, [2014-01-08T15:45:05.760160 #1868]  INFO -- : 0:  kramdown (1.2.0) from /Users/sportingtimes/.rvm/gems/ruby-2.0.0-p247/specifications/kramdown-1.2.0.gemspec
I, [2014-01-08T15:45:05.760440 #1868]  INFO -- : 0:  rdiscount (2.1.7) from /Users/sportingtimes/.rvm/gems/ruby-2.0.0-p247/specifications/rdiscount-2.1.7.gemspec
I, [2014-01-08T15:45:05.760722 #1868]  INFO -- : 0:  github-pages (12) from /Users/sportingtimes/.rvm/gems/ruby-2.0.0-p247/specifications/github-pages-12.gemspec
I, [2014-01-08T15:45:05.760984 #1868]  INFO -- : 0:  bundler (1.5.1) from /Users/sportingtimes/.rvm/gems/ruby-2.0.0-p247/specifications/bundler-1.5.1.gemspec
